WinDiskManagement[D]: Obtaining disk drive information for disk with index 1
WinDiskManagement[D]: DeviceID \\BISHWAS\ROOT\Microsoft\Windows\Storage:MSFT_Disk.ObjectId="{1}\\\\BISHWAS\\root/Microsoft/Windows/Storage/Providers_v2\\WSP_Disk.ObjectId=\"{d6c3fef0-f60a-11ef-880e-806e6f6e6963}:DI:\\\\?\\usbstor#disk&ven_generic&prod_flash_disk&rev_8.07#8ec0f1a2&0#{53f56307-b6bf-11d0-94f2-00a0c91efb8b}\""
WinDiskManagement[D]: Disk is offline: 0
WinDiskManagement[D]: Disk name: Generic Flash Disk
WinDiskManagement[D]: Size 8053063680
WinDiskManagement[D]: Sector size 512
WinDiskManagement[D]: Serial number 8EC0F1A2
WinDiskManagement[D]: Preparing device for image writing
WinDiskManagement[D]: Removing assigned drive letters for device with index 1
WinDiskManagement[D]: Checking drive: \\.\C:
WinDiskManagement[D]: Checking drive: \\.\D:
WinDiskManagement[D]: Checking drive: \\.\F:
WinDiskManagement[W]: Checking volume: F:\
WinDiskManagement[D]: Successfully removed mountpoints for volume: F
WinDiskManagement[D]: Removing partitions on disk with index 1
WinDiskManagement[D]: Partitions deleted successfully.
WinDiskManagement[D]: Refreshing disk drive information
WinDiskManagement[D]: Successfully refreshed the disk.
WinDiskManagement[D]: Trying to lock the drive
WinDiskManagement[D]: Successfully locked the drive
WinDiskManagement[D]: Refreshing information about partition layout
WinDiskManagement[D]: Trying to lock and unmount logical volume
WinDiskManagement[D]: Trying to lock the drive
WinDiskManagement[D]: Successfully locked the drive
WinDiskManagement[D]: Unmounting logical volume
WinDiskManagement[D]: Successfully unmounted logical volume
WinDiskManagement[C]: Starting to write plain data
WinDiskManagement[D]: Trying to unlock the drive
WinDiskManagement[D]: Successfully unlocked the drive
WinDiskManagement[D]: Trying to unlock the drive
WinDiskManagement[D]: Successfully unlocked the drive
WinDiskManagement[D]: Refreshing information about partition layout
WinDiskManagement[C]: Couldn't update disk properties.
WinDiskManagement[C]: Starting verification of written data
WinDiskManagement[C]: Check passed
